#################################################################
# If you used AutoDock Vina in your work, please cite:          #
#                                                               #
# O. Trott, A. J. Olson,                                        #
# AutoDock Vina: improving the speed and accuracy of docking    #
# with a new scoring function, efficient optimization and       #
# multithreading, Journal of Computational Chemistry 31 (2010)  #
# 455-461                                                       #
#                                                               #
# DOI 10.1002/jcc.21334                                         #
#                                                               #
# Please see http://vina.scripps.edu for more information.      #
#################################################################

Detected 16 CPUs
WARNING: at low exhaustiveness, it may be impossible to utilize all CPUs
Reading input ... done.
Setting up the scoring function ... done.
Analyzing the binding site ... done.
Using random seed: 1835431528
Performing search ... done.
Refining results ... done.

mode |   affinity | dist from best mode
     | (kcal/mol) | rmsd l.b.| rmsd u.b.
-----+------------+----------+----------
   1         -4.5      0.000      0.000
   2         -4.3      1.134      4.376
   3         -4.1      2.994      5.186
   4         -4.1      2.018      4.667
   5         -4.0      3.544      4.603
   6         -3.9      1.889      5.096
   7         -3.8      2.627      3.023
   8         -3.8      2.498      4.997
   9         -3.8      1.757      2.095
Writing output ... done.
